[{"line":1,"elements":[{"start_timestamp":"2024-11-19T11:08:43.100Z","line":3,"name":"Kullanici dogru kullanici adi ve dogru sifre ile sisteme girer","description":"","id":"smoke;kullanici-dogru-kullanici-adi-ve-dogru-sifre-ile-sisteme-girer","type":"scenario","keyword":"Scenario","steps":[{"result":{"error_message":"io.cucumber.core.exception.CucumberException: Failed to instantiate class stepdefinitions.Step\r\n\tat io.cucumber.core.backend.DefaultObjectFactory.cacheNewInstance(DefaultObjectFactory.java:67)\r\n\tat io.cucumber.core.backend.DefaultObjectFactory.getInstance(DefaultObjectFactory.java:45)\r\n\tat io.cucumber.java.AbstractGlueDefinition.invokeMethod(AbstractGlueDefinition.java:47)\r\n\tat io.cucumber.java.JavaStepDefinition.execute(JavaStepDefinition.java:29)\r\n\tat io.cucumber.core.runner.CoreStepDefinition.execute(CoreStepDefinition.java:66)\r\n\tat io.cucumber.core.runner.PickleStepDefinitionMatch.runStep(PickleStepDefinitionMatch.java:63)\r\n\tat io.cucumber.core.runner.ExecutionMode$1.execute(ExecutionMode.java:10)\r\n\tat io.cucumber.core.runner.TestStep.executeStep(TestStep.java:85)\r\n\tat io.cucumber.core.runner.TestStep.run(TestStep.java:57)\r\n\tat io.cucumber.core.runner.PickleStepTestStep.run(PickleStepTestStep.java:51)\r\n\tat io.cucumber.core.runner.TestCase.run(TestCase.java:84)\r\n\tat io.cucumber.core.runner.Runner.runPickle(Runner.java:75)\r\n\tat io.cucumber.junit.PickleRunners$NoStepDescriptions.lambda$run$0(PickleRunners.java:151)\r\n\tat io.cucumber.core.runtime.CucumberExecutionContext.lambda$runTestCase$5(CucumberExecutionContext.java:129)\r\n\tat io.cucumber.core.runtime.RethrowingThrowableCollector.executeAndThrow(RethrowingThrowableCollector.java:23)\r\n\tat io.cucumber.core.runtime.CucumberExecutionContext.runTestCase(CucumberExecutionContext.java:129)\r\n\tat io.cucumber.junit.PickleRunners$NoStepDescriptions.run(PickleRunners.java:148)\r\n\tat io.cucumber.junit.FeatureRunner.runChild(FeatureRunner.java:144)\r\n\tat io.cucumber.junit.FeatureRunner.runChild(FeatureRunner.java:28)\r\n\tat org.junit.runners.ParentRunner$4.run(ParentRunner.java:331)\r\n\tat org.junit.runners.ParentRunner$1.schedule(ParentRunner.java:79)\r\n\tat org.junit.runners.ParentRunner.runChildren(ParentRunner.java:329)\r\n\tat org.junit.runners.ParentRunner.access$100(ParentRunner.java:66)\r\n\tat org.junit.runners.ParentRunner$2.evaluate(ParentRunner.java:293)\r\n\tat org.junit.runners.ParentRunner$3.evaluate(ParentRunner.java:306)\r\n\tat org.junit.runners.ParentRunner.run(ParentRunner.java:413)\r\n\tat io.cucumber.junit.FeatureRunner.run(FeatureRunner.java:137)\r\n\tat io.cucumber.junit.Cucumber.runChild(Cucumber.java:196)\r\n\tat io.cucumber.junit.Cucumber.runChild(Cucumber.java:89)\r\n\tat org.junit.runners.ParentRunner$4.run(ParentRunner.java:331)\r\n\tat org.junit.runners.ParentRunner$1.schedule(ParentRunner.java:79)\r\n\tat org.junit.runners.ParentRunner.runChildren(ParentRunner.java:329)\r\n\tat org.junit.runners.ParentRunner.access$100(ParentRunner.java:66)\r\n\tat org.junit.runners.ParentRunner$2.evaluate(ParentRunner.java:293)\r\n\tat io.cucumber.junit.Cucumber$RunBeforeAllHooks.evaluate(Cucumber.java:266)\r\n\tat io.cucumber.junit.Cucumber$RunAfterAllHooks.evaluate(Cucumber.java:281)\r\n\tat io.cucumber.junit.Cucumber$StartTestRun.evaluate(Cucumber.java:233)\r\n\tat io.cucumber.junit.Cucumber$FinishTestRun.evaluate(Cucumber.java:248)\r\n\tat org.junit.runners.ParentRunner$3.evaluate(ParentRunner.java:306)\r\n\tat org.junit.runners.ParentRunner.run(ParentRunner.java:413)\r\n\tat org.junit.runner.JUnitCore.run(JUnitCore.java:137)\r\n\tat com.intellij.junit4.JUnit4IdeaTestRunner.startRunnerWithArgs(JUnit4IdeaTestRunner.java:69)\r\n\tat com.intellij.rt.junit.IdeaTestRunner$Repeater$1.execute(IdeaTestRunner.java:38)\r\n\tat com.intellij.rt.execution.junit.TestsRepeater.repeat(TestsRepeater.java:11)\r\n\tat com.intellij.rt.junit.IdeaTestRunner$Repeater.startRunnerWithArgs(IdeaTestRunner.java:35)\r\n\tat com.intellij.rt.junit.JUnitStarter.prepareStreamsAndStart(JUnitStarter.java:232)\r\n\tat com.intellij.rt.junit.JUnitStarter.main(JUnitStarter.java:55)\r\nCaused by: java.lang.reflect.InvocationTargetException\r\n\tat java.base/jdk.internal.reflect.DirectConstructorHandleAccessor.newInstance(DirectConstructorHandleAccessor.java:74)\r\n\tat java.base/java.lang.reflect.Constructor.newInstanceWithCaller(Constructor.java:501)\r\n\tat java.base/java.lang.reflect.Constructor.newInstance(Constructor.java:485)\r\n\tat io.cucumber.core.backend.DefaultObjectFactory.cacheNewInstance(DefaultObjectFactory.java:53)\r\n\t... 46 more\r\nCaused by: org.openqa.selenium.SessionNotCreatedException: Could not start a new session. Possible causes are invalid address of the remote server or browser start-up failure. \nHost info: host: 'DESKTOP-K1LF6CC', ip: '192.168.1.17'\r\n\tat org.openqa.selenium.remote.RemoteWebDriver.execute(RemoteWebDriver.java:549)\r\n\tat org.openqa.selenium.remote.RemoteWebDriver.startSession(RemoteWebDriver.java:227)\r\n\tat org.openqa.selenium.remote.RemoteWebDriver.<init>(RemoteWebDriver.java:154)\r\n\tat org.openqa.selenium.firefox.FirefoxDriver.<init>(FirefoxDriver.java:151)\r\n\tat org.openqa.selenium.firefox.FirefoxDriver.<init>(FirefoxDriver.java:146)\r\n\tat org.openqa.selenium.firefox.FirefoxDriver.<init>(FirefoxDriver.java:130)\r\n\tat org.openqa.selenium.firefox.FirefoxDriver.<init>(FirefoxDriver.java:125)\r\n\tat org.openqa.selenium.firefox.FirefoxDriver.<init>(FirefoxDriver.java:110)\r\n\tat utils.Driver1.getDriver(Driver1.java:60)\r\n\tat pages.LivemedyPage.<init>(LivemedyPage.java:11)\r\n\tat stepdefinitions.Step.<init>(Step.java:21)\r\n\tat java.base/jdk.internal.reflect.DirectConstructorHandleAccessor.newInstance(DirectConstructorHandleAccessor.java:62)\r\n\t... 49 more\r\nCaused by: org.openqa.selenium.TimeoutException: java.util.concurrent.TimeoutException\nBuild info: version: '4.10.0', revision: 'c14d967899'\nSystem info: os.name: 'Windows 10', os.arch: 'amd64', os.version: '10.0', java.version: '23.0.1'\nDriver info: driver.version: FirefoxDriver\r\n\tat org.openqa.selenium.remote.http.netty.NettyHttpHandler.makeCall(NettyHttpHandler.java:65)\r\n\tat org.openqa.selenium.remote.http.AddSeleniumUserAgent.lambda$apply$0(AddSeleniumUserAgent.java:42)\r\n\tat org.openqa.selenium.remote.http.Filter.lambda$andFinally$1(Filter.java:55)\r\n\tat org.openqa.selenium.remote.http.netty.NettyHttpHandler.execute(NettyHttpHandler.java:48)\r\n\tat org.openqa.selenium.remote.http.AddSeleniumUserAgent.lambda$apply$0(AddSeleniumUserAgent.java:42)\r\n\tat org.openqa.selenium.remote.http.Filter.lambda$andFinally$1(Filter.java:55)\r\n\tat org.openqa.selenium.remote.http.netty.NettyClient.execute(NettyClient.java:97)\r\n\tat org.openqa.selenium.remote.ProtocolHandshake.createSession(ProtocolHandshake.java:115)\r\n\tat org.openqa.selenium.remote.ProtocolHandshake.createSession(ProtocolHandshake.java:96)\r\n\tat org.openqa.selenium.remote.ProtocolHandshake.createSession(ProtocolHandshake.java:68)\r\n\tat org.openqa.selenium.remote.HttpCommandExecutor.execute(HttpCommandExecutor.java:163)\r\n\tat org.openqa.selenium.remote.service.DriverCommandExecutor.invokeExecute(DriverCommandExecutor.java:196)\r\n\tat org.openqa.selenium.remote.service.DriverCommandExecutor.execute(DriverCommandExecutor.java:171)\r\n\tat org.openqa.selenium.remote.RemoteWebDriver.execute(RemoteWebDriver.java:531)\r\n\t... 60 more\r\nCaused by: java.util.concurrent.TimeoutException\r\n\tat java.base/java.util.concurrent.CompletableFuture.timedGet(CompletableFuture.java:2004)\r\n\tat java.base/java.util.concurrent.CompletableFuture.get(CompletableFuture.java:2139)\r\n\tat org.asynchttpclient.netty.NettyResponseFuture.get(NettyResponseFuture.java:206)\r\n\tat org.openqa.selenium.remote.http.netty.NettyHttpHandler.makeCall(NettyHttpHandler.java:59)\r\n\t... 73 more\r\n","duration":189894964600,"status":"failed"},"line":6,"name":"Kullanici livemedy ana sayfasini browserdan acar","match":{"location":"stepdefinitions.Step.kullanici_livemedy_ana_sayfasini_browserdan_acar()"},"keyword":"Given "},{"result":{"status":"skipped"},"line":7,"name":"Kullanici login butonuna tiklar","match":{"location":"stepdefinitions.Step.kullanici_login_butonuna_tiklar()"},"keyword":"Then "},{"result":{"duration":960400,"status":"skipped"},"line":8,"name":"Kullanici dogru email girer","match":{"location":"stepdefinitions.Step.kullanici_dogru_email_girer()"},"keyword":"And "},{"result":{"status":"skipped"},"line":9,"name":"Kullanici dogru sifre girer","match":{"location":"stepdefinitions.Step.kullanici_dogru_sifre_girer()"},"keyword":"Then "},{"result":{"status":"skipped"},"line":10,"name":"Kullanici Oturum acin butonuna tiklar","match":{"location":"stepdefinitions.Step.kullanici_oturum_acin_butonuna_tiklar()"},"keyword":"And "},{"result":{"status":"skipped"},"line":11,"name":"Kullanici acilan popup varsa kapatir","match":{"location":"stepdefinitions.Step.kullanici_acilan_popup_varsa_kapatir()"},"keyword":"Then "},{"result":{"status":"skipped"},"line":12,"name":"Kullanici sms dogrulama kodunu girer ve tamam butonuna tiklar","match":{"location":"stepdefinitions.Step.kullanici_sms_dogrulama_kodunu_girer_ve_tamam_butonuna_tiklar()"},"keyword":"And "},{"result":{"status":"skipped"},"line":13,"name":"Kullanıcı logout yapar","match":{"location":"stepdefinitions.Step.kullanıcı_logout_yapar()"},"keyword":"And "}]},{"start_timestamp":"2024-11-19T11:11:53.051Z","line":18,"name":"Kullanici dogru kullanici adi ve yanlis sifre ile sisteme giremez","description":"","id":"smoke;kullanici-dogru-kullanici-adi-ve-yanlis-sifre-ile-sisteme-giremez","type":"scenario","keyword":"Scenario","steps":[{"result":{"error_message":"org.openqa.selenium.UnhandledAlertException: Unexpected promptUserAndPass dialog detected. Performed handler \"dismiss\": \nBuild info: version: '4.10.0', revision: 'c14d967899'\nSystem info: os.name: 'Windows 10', os.arch: 'amd64', os.version: '10.0', java.version: '23.0.1'\nDriver info: org.openqa.selenium.firefox.FirefoxDriver\nCommand: [aca11a4d-b244-46e4-a8f6-9a994068ea60, executeScript {script=return typeof jQuery != 'undefined' && jQuery.active == 0, args=[]}]\nCapabilities {acceptInsecureCerts: true, browserName: firefox, browserVersion: 132.0.2, moz:accessibilityChecks: false, moz:buildID: 20241110231641, moz:geckodriverVersion: 0.35.0, moz:headless: false, moz:platformVersion: 10.0, moz:processID: 20468, moz:profile: C:\\Users\\Ercan\\AppData\\Loca..., moz:shutdownTimeout: 60000, moz:webdriverClick: true, moz:windowless: false, pageLoadStrategy: normal, platformName: windows, proxy: Proxy(), setWindowRect: true, strictFileInteractability: false, timeouts: {implicit: 0, pageLoad: 300000, script: 30000}, unhandledPromptBehavior: dismiss and notify, userAgent: Mozilla/5.0 (Windows NT 10....}\nSession ID: aca11a4d-b244-46e4-a8f6-9a994068ea60\r\n\tat org.openqa.selenium.remote.codec.w3c.W3CHttpResponseCodec.decode(W3CHttpResponseCodec.java:130)\r\n\tat org.openqa.selenium.remote.codec.w3c.W3CHttpResponseCodec.decode(W3CHttpResponseCodec.java:51)\r\n\tat org.openqa.selenium.remote.HttpCommandExecutor.execute(HttpCommandExecutor.java:191)\r\n\tat org.openqa.selenium.remote.service.DriverCommandExecutor.invokeExecute(DriverCommandExecutor.java:196)\r\n\tat org.openqa.selenium.remote.service.DriverCommandExecutor.execute(DriverCommandExecutor.java:171)\r\n\tat org.openqa.selenium.remote.RemoteWebDriver.execute(RemoteWebDriver.java:531)\r\n\tat org.openqa.selenium.remote.RemoteWebDriver.executeScript(RemoteWebDriver.java:476)\r\n\tat utils.WaitHelper.lambda$waitForJQueryToLoad$0(WaitHelper.java:14)\r\n\tat org.openqa.selenium.support.ui.FluentWait.until(FluentWait.java:205)\r\n\tat utils.WaitHelper.waitForJQueryToLoad(WaitHelper.java:13)\r\n\tat stepdefinitions.Step.kullanici_login_butonuna_tiklar(Step.java:60)\r\n\tat ✽.Kullanici login butonuna tiklar(file:///C:/Users/Ercan/IdeaProjects/com.livemedy/com.livemedy/src/test/resources/features/livemedy.feature:20)\r\n","duration":95458054500,"status":"failed"},"line":20,"name":"Kullanici login butonuna tiklar","match":{"location":"stepdefinitions.Step.kullanici_login_butonuna_tiklar()"},"keyword":"Then "},{"result":{"duration":997200,"status":"skipped"},"line":21,"name":"Kullanici dogru email girer","match":{"location":"stepdefinitions.Step.kullanici_dogru_email_girer()"},"keyword":"And "},{"result":{"duration":1021100,"status":"skipped"},"line":22,"name":"Kullanici yanlis sifre girer","match":{"location":"stepdefinitions.Step.kullanici_yanlis_sifre_girer()"},"keyword":"Then "},{"result":{"duration":950000,"status":"skipped"},"line":23,"name":"Kullanici Oturum acin butonuna tiklar","match":{"location":"stepdefinitions.Step.kullanici_oturum_acin_butonuna_tiklar()"},"keyword":"And "},{"result":{"status":"skipped"},"line":24,"name":"Kullanici sifrenin yanlis oldugunu dogrular","match":{"location":"stepdefinitions.Step.kullanici_sifrenin_yanlis_oldugunu_dogrular()"},"keyword":"Then "},{"result":{"duration":1005500,"status":"skipped"},"line":25,"name":"Kullanici acilan popup varsa kapatir","match":{"location":"stepdefinitions.Step.kullanici_acilan_popup_varsa_kapatir()"},"keyword":"Then "},{"result":{"duration":1001000,"status":"skipped"},"line":26,"name":"Kullanici browseri kapatir","match":{"location":"stepdefinitions.Step.kullanici_browseri_kapatir()"},"keyword":"And "}]}],"name":"Smoke","description":"","id":"smoke","keyword":"Feature","uri":"file:src/test/resources/features/livemedy.feature","tags":[]}]